<?xml version="1.0" encoding="UTF-8"?>
<!-- Generated by org.testng.reporters.JUnitReportReporter -->
<testsuite hostname="PraveenRaavi" failures="0" tests="1" name="ksrtc1.KsrtcRunnerTest" time="0.000" errors="0" timestamp="2025-06-12T17:58:59 IST" skipped="1">
  <testcase classname="ksrtc1.KsrtcRunnerTest" name="functionalities" time="0.000">
    <skipped/>
  </testcase> <!-- functionalities -->
</testsuite> <!-- ksrtc1.KsrtcRunnerTest -->
