<?xml version="1.0" encoding="UTF-8"?>
<!-- Generated by org.testng.reporters.JUnitReportReporter -->
<testsuite hostname="PraveenRaavi" failures="0" tests="1" name="herokuapptest.HerokuappTestRunner" time="0.000" errors="0" timestamp="2025-06-12T17:58:59 IST" skipped="1">
  <testcase classname="herokuapptest.HerokuappTestRunner" name="heroKuappAction" time="0.000">
    <skipped/>
  </testcase> <!-- heroKuappAction -->
</testsuite> <!-- herokuapptest.HerokuappTestRunner -->
