<?xml version="1.0" encoding="UTF-8"?>
<!-- Generated by org.testng.reporters.JUnitReportReporter -->
<testsuite hostname="PraveenRaavi" failures="0" tests="1" name="demowebshoptest.DemoWebShopRunnerTest" time="0.708" errors="0" timestamp="2025-06-09T19:27:53 IST" skipped="0">
  <testcase classname="demowebshoptest.DemoWebShopRunnerTest" name="testActions" time="0.708"/>
</testsuite> <!-- demowebshoptest.DemoWebShopRunnerTest -->
