<?xml version="1.0" encoding="UTF-8"?>
<!-- Generated by org.testng.reporters.JUnitReportReporter -->
<testsuite hostname="PraveenRaavi" failures="0" tests="1" name="guru99.Guru99RunnerTest" time="0.072" errors="0" timestamp="2025-06-09T23:31:04 IST" skipped="0">
  <testcase classname="guru99.Guru99RunnerTest" name="guruRunner" time="0.072"/>
</testsuite> <!-- guru99.Guru99RunnerTest -->
