<?xml version="1.0" encoding="UTF-8"?>
<!-- Generated by org.testng.reporters.JUnitReportReporter -->
<testsuite hostname="PraveenRaavi" failures="0" tests="1" name="herokuapptest.HerokuappTestRunner" time="0.809" errors="0" timestamp="2025-06-09T22:19:50 IST" skipped="0">
  <testcase classname="herokuapptest.HerokuappTestRunner" name="heroKuappAction" time="0.809"/>
</testsuite> <!-- herokuapptest.HerokuappTestRunner -->
