<?xml version="1.0" encoding="UTF-8"?>
<!-- Generated by org.testng.reporters.JUnitReportReporter -->
<testsuite hostname="PraveenRaavi" failures="0" tests="1" name="guru99.Guru99RunnerTest" time="0.000" errors="0" timestamp="2025-06-12T17:58:59 IST" skipped="1">
  <testcase classname="guru99.Guru99RunnerTest" name="guruRunner" time="0.000">
    <skipped/>
  </testcase> <!-- guruRunner -->
</testsuite> <!-- guru99.Guru99RunnerTest -->
