<?xml version="1.0" encoding="UTF-8"?>
<!-- Generated by org.testng.reporters.JUnitReportReporter -->
<testsuite hostname="PraveenRaavi" failures="0" tests="1" name="ksrtc1.KsrtcRunnerTest" time="10.198" errors="0" timestamp="2025-06-12T15:38:35 IST" skipped="0">
  <testcase classname="ksrtc1.KsrtcRunnerTest" name="functionalities" time="10.198"/>
</testsuite> <!-- ksrtc1.KsrtcRunnerTest -->
